<?xml version="1.0" encoding="UTF-8"?>
<testsuite name="com.bridgelabz.mockitotest.MockitoTest" tests="1" skipped="0" failures="0" errors="0" timestamp="2020-07-07T20:14:49" hostname="KAJAL-LAPTOP" time="0.479">
  <properties/>
  <testcase name="testQuery" classname="com.bridgelabz.mockitotest.MockitoTest" time="0.479"/>
  <system-out><![CDATA[]]></system-out>
  <system-err><![CDATA[]]></system-err>
</testsuite>
